<?xml version="1.0" encoding="UTF-8"?>
<!-- Generated by org.testng.reporters.JUnitReportReporter -->
<testsuite hostname="DESKTOP-HPDMSOR" failures="0" tests="1" name="com.todos.tests.AddTodoTest" time="10.512" errors="0" timestamp="17 Dec 2020 23:12:12 GMT">
  <testcase classname="com.todos.tests.AddTodoTest" name="iCanAddTodo" time="10.512"/>
</testsuite> <!-- com.todos.tests.AddTodoTest -->
